<!DOCTYPE html>
<html>

<head>
	<meta charset="UTF-8">
	<meta http-equiv="Content-Type" content="text/html; charset=utf-8" />
	<meta http-equiv="x-ua-compatible" content="IE=edge" />
	<meta name="viewport" content="width=device-width, initial-scale=1.0">
	<title>GdUnit4 Testsuite</title>
	<link rel="stylesheet" href="../css/styles.css">
	<link href="../css/breadcrumb.css" rel="stylesheet" type="text/css" />

	<script src="https://code.jquery.com/jquery-3.6.4.js"></script>
	<script>
		$(document).ready(function () {
			var report_view = $('#report_area').find('.report-column')

			$('#report-table tr').click(function () {
				var report = $(this).find('.report-column').html();
				report_view.html(report)
				$('.selected').removeClass('selected');
				$(this).addClass('selected');
			});
		});
	</script>
</head>

<body>
	<header>
		<div class="logo">
			<img src="../css/logo.png" alt="GdUnit4 Logo">
			<span>GdUnit4</span>
		</div>
		<div class="report-container">
			<h1>Testsuite Report</h1>
			<div>
				<span class="label">res://tests/goap/unit/test_goap_executor.gd</span>
			</div>
			<div class="summary">
				<div class="summary-item">
					<span class="label">Tests</span>
					<span class="value">33</span>
				</div>
				<div class="summary-item">
					<span class="label">Skipped</span>
					<span class="value">0</span>
				</div>
				<div class="summary-item">
					<span class="label">Flaky</span>
					<span class="value">0</span>
				</div>
				<div class="summary-item">
					<span class="label">Failures</span>
					<span class="value">5</span>
				</div>
				<div class="summary-item">
					<span class="label">Orphans</span>
					<span class="value">66</span>
				</div>
				<div class="summary-item">
					<span class="label">Duration</span>
					<span class="value">1s 111ms</span>
				</div>
				<div class="success-rate">
					<div class="check-icon status-error">âœ“</div>
					<div class="rate-text">
						<span class="label">Success Rate</span>
						<span class="value">84%</span>
					</div>
				</div>
			</div>
		</div>
		<div class="breadcrumb">
			<a href="../index.html"><span>All</span></a>
			<a href="../path/tests.goap.unit.html"><span>tests/goap/unit</span></a>
			<a class="active" href="#"><span>test_goap_executor</span></a>
		</div>
	</header>

	<main>
		<div class="tab-report-grid">
			<div class="grid-item tab">
				<table id="report-table">
					<thead>
						<tr>
							<th>Testcase</th>
							<th>Result</th>
							<th>Skipped</th>
							<th>Orphans</th>
							<th>Duration</th>
							<th class="report-column">Report</th>
						</tr>
					</thead>
					<tbody>
						
								<tr class="error">
									<td>TestSuite hooks</td>
									<td>n/a</td>
									<td>66</td>
									<td>1s 111ms</td>
									<td class="report-column">
										<pre>
line 1: WARNING:
 Detected <33> orphan nodes during test suite setup stage! Check before() and after()!
										</pre>
									</td>
								</tr>


								<tr class="testcase-group">
									<td>test_new_executor_is_not_running</td>
									<td><span class="status status-warning">WARNING</span></td>
									<td>0</td>
									<td>1</td>
									<td>28ms</td>
									<td class="report-column">
										<pre>
line 1: WARNING:
 Detected <1> orphan nodes during test setup! Check before_test() and after_test()!

										</pre>
									</td>
								</tr>


								<tr class="testcase-group">
									<td>test_new_executor_has_no_current_action</td>
									<td><span class="status status-warning">WARNING</span></td>
									<td>0</td>
									<td>1</td>
									<td>20ms</td>
									<td class="report-column">
										<pre>
line 1: WARNING:
 Detected <1> orphan nodes during test setup! Check before_test() and after_test()!

										</pre>
									</td>
								</tr>


								<tr class="testcase-group">
									<td>test_new_executor_has_negative_index</td>
									<td><span class="status status-warning">WARNING</span></td>
									<td>0</td>
									<td>1</td>
									<td>21ms</td>
									<td class="report-column">
										<pre>
line 1: WARNING:
 Detected <1> orphan nodes during test setup! Check before_test() and after_test()!

										</pre>
									</td>
								</tr>


								<tr class="testcase-group">
									<td>test_new_executor_has_zero_plan_size</td>
									<td><span class="status status-warning">WARNING</span></td>
									<td>0</td>
									<td>1</td>
									<td>13ms</td>
									<td class="report-column">
										<pre>
line 1: WARNING:
 Detected <1> orphan nodes during test setup! Check before_test() and after_test()!

										</pre>
									</td>
								</tr>


								<tr class="testcase-group">
									<td>test_start_with_empty_plan_emits_completed_immediately</td>
									<td><span class="status status-warning">WARNING</span></td>
									<td>0</td>
									<td>1</td>
									<td>14ms</td>
									<td class="report-column">
										<pre>
line 1: WARNING:
 Detected <1> orphan nodes during test setup! Check before_test() and after_test()!

										</pre>
									</td>
								</tr>


								<tr class="testcase-group">
									<td>test_start_with_plan_sets_running</td>
									<td><span class="status status-warning">WARNING</span></td>
									<td>0</td>
									<td>1</td>
									<td>13ms</td>
									<td class="report-column">
										<pre>
line 1: WARNING:
 Detected <1> orphan nodes during test setup! Check before_test() and after_test()!

										</pre>
									</td>
								</tr>


								<tr class="testcase-group">
									<td>test_start_sets_plan_size</td>
									<td><span class="status status-warning">WARNING</span></td>
									<td>0</td>
									<td>1</td>
									<td>21ms</td>
									<td class="report-column">
										<pre>
line 1: WARNING:
 Detected <1> orphan nodes during test setup! Check before_test() and after_test()!

										</pre>
									</td>
								</tr>


								<tr class="testcase-group">
									<td>test_start_resets_index_to_zero</td>
									<td><span class="status status-warning">WARNING</span></td>
									<td>0</td>
									<td>1</td>
									<td>20ms</td>
									<td class="report-column">
										<pre>
line 1: WARNING:
 Detected <1> orphan nodes during test setup! Check before_test() and after_test()!

										</pre>
									</td>
								</tr>


								<tr class="testcase-group">
									<td>test_start_aborts_previous_plan</td>
									<td><span class="status status-warning">WARNING</span></td>
									<td>0</td>
									<td>1</td>
									<td>21ms</td>
									<td class="report-column">
										<pre>
line 1: WARNING:
 Detected <1> orphan nodes during test setup! Check before_test() and after_test()!

										</pre>
									</td>
								</tr>


								<tr class="testcase-group">
									<td>test_tick_calls_enter_on_first_frame</td>
									<td><span class="status status-warning">WARNING</span></td>
									<td>0</td>
									<td>1</td>
									<td>13ms</td>
									<td class="report-column">
										<pre>
line 1: WARNING:
 Detected <1> orphan nodes during test setup! Check before_test() and after_test()!

										</pre>
									</td>
								</tr>


								<tr class="testcase-group">
									<td>test_tick_calls_execute_every_frame</td>
									<td><span class="status status-warning">WARNING</span></td>
									<td>0</td>
									<td>1</td>
									<td>14ms</td>
									<td class="report-column">
										<pre>
line 1: WARNING:
 Detected <1> orphan nodes during test setup! Check before_test() and after_test()!

										</pre>
									</td>
								</tr>


								<tr class="testcase-group">
									<td>test_tick_enter_called_only_once</td>
									<td><span class="status status-warning">WARNING</span></td>
									<td>0</td>
									<td>1</td>
									<td>13ms</td>
									<td class="report-column">
										<pre>
line 1: WARNING:
 Detected <1> orphan nodes during test setup! Check before_test() and after_test()!

										</pre>
									</td>
								</tr>


								<tr class="testcase-group">
									<td>test_tick_when_not_running_does_nothing</td>
									<td><span class="status status-warning">WARNING</span></td>
									<td>0</td>
									<td>1</td>
									<td>21ms</td>
									<td class="report-column">
										<pre>
line 1: WARNING:
 Detected <1> orphan nodes during test setup! Check before_test() and after_test()!

										</pre>
									</td>
								</tr>


								<tr class="testcase-group">
									<td>test_tick_success_calls_exit</td>
									<td><span class="status status-warning">WARNING</span></td>
									<td>0</td>
									<td>1</td>
									<td>21ms</td>
									<td class="report-column">
										<pre>
line 1: WARNING:
 Detected <1> orphan nodes during test setup! Check before_test() and after_test()!

										</pre>
									</td>
								</tr>


								<tr class="testcase-group">
									<td>test_tick_success_advances_to_next_action</td>
									<td><span class="status status-failed">FAILED</span></td>
									<td>0</td>
									<td>1</td>
									<td>21ms</td>
									<td class="report-column">
										<pre>
line 1: WARNING:
 Detected <1> orphan nodes during test setup! Check before_test() and after_test()!
line 221: Expecting:
 '1'
 but was
 '2'

										</pre>
									</td>
								</tr>


								<tr class="testcase-group">
									<td>test_tick_all_success_emits_plan_completed</td>
									<td><span class="status status-warning">WARNING</span></td>
									<td>0</td>
									<td>1</td>
									<td>14ms</td>
									<td class="report-column">
										<pre>
line 1: WARNING:
 Detected <1> orphan nodes during test setup! Check before_test() and after_test()!

										</pre>
									</td>
								</tr>


								<tr class="testcase-group">
									<td>test_tick_multi_action_plan_completes</td>
									<td><span class="status status-warning">WARNING</span></td>
									<td>0</td>
									<td>1</td>
									<td>13ms</td>
									<td class="report-column">
										<pre>
line 1: WARNING:
 Detected <1> orphan nodes during test setup! Check before_test() and after_test()!

										</pre>
									</td>
								</tr>


								<tr class="testcase-group">
									<td>test_tick_failure_calls_exit</td>
									<td><span class="status status-warning">WARNING</span></td>
									<td>0</td>
									<td>1</td>
									<td>14ms</td>
									<td class="report-column">
										<pre>
line 1: WARNING:
 Detected <1> orphan nodes during test setup! Check before_test() and after_test()!

										</pre>
									</td>
								</tr>


								<tr class="testcase-group">
									<td>test_tick_failure_emits_plan_failed_with_action</td>
									<td><span class="status status-warning">WARNING</span></td>
									<td>0</td>
									<td>1</td>
									<td>21ms</td>
									<td class="report-column">
										<pre>
line 1: WARNING:
 Detected <1> orphan nodes during test setup! Check before_test() and after_test()!

										</pre>
									</td>
								</tr>


								<tr class="testcase-group">
									<td>test_tick_failure_stops_execution</td>
									<td><span class="status status-warning">WARNING</span></td>
									<td>0</td>
									<td>1</td>
									<td>21ms</td>
									<td class="report-column">
										<pre>
line 1: WARNING:
 Detected <1> orphan nodes during test setup! Check before_test() and after_test()!

										</pre>
									</td>
								</tr>


								<tr class="testcase-group">
									<td>test_tick_mid_plan_failure</td>
									<td><span class="status status-error">ERROR</span></td>
									<td>0</td>
									<td>1</td>
									<td>21ms</td>
									<td class="report-column">
										<pre>
line 1: WARNING:
 Detected <1> orphan nodes during test setup! Check before_test() and after_test()!
line 79: Godot Runtime Error !
	'at: is_true (res://addons/gdUnit4/src/asserts/GdUnitBoolAssertImpl.gd:79)'
Error: 'Invalid operands 'Array' and 'bool' in operator '!='.'
line 331: GdUnitBoolAssert inital error, unexpected type <Array>

										</pre>
									</td>
								</tr>


								<tr class="testcase-group">
									<td>test_tick_running_continues_same_action</td>
									<td><span class="status status-warning">WARNING</span></td>
									<td>0</td>
									<td>1</td>
									<td>14ms</td>
									<td class="report-column">
										<pre>
line 1: WARNING:
 Detected <1> orphan nodes during test setup! Check before_test() and after_test()!

										</pre>
									</td>
								</tr>


								<tr class="testcase-group">
									<td>test_action_started_signal_emitted</td>
									<td><span class="status status-warning">WARNING</span></td>
									<td>0</td>
									<td>1</td>
									<td>13ms</td>
									<td class="report-column">
										<pre>
line 1: WARNING:
 Detected <1> orphan nodes during test setup! Check before_test() and after_test()!

										</pre>
									</td>
								</tr>


								<tr class="testcase-group">
									<td>test_action_ended_signal_emitted_on_success</td>
									<td><span class="status status-warning">WARNING</span></td>
									<td>0</td>
									<td>1</td>
									<td>14ms</td>
									<td class="report-column">
										<pre>
line 1: WARNING:
 Detected <1> orphan nodes during test setup! Check before_test() and after_test()!

										</pre>
									</td>
								</tr>


								<tr class="testcase-group">
									<td>test_action_ended_signal_emitted_on_failure</td>
									<td><span class="status status-warning">WARNING</span></td>
									<td>0</td>
									<td>1</td>
									<td>21ms</td>
									<td class="report-column">
										<pre>
line 1: WARNING:
 Detected <1> orphan nodes during test setup! Check before_test() and after_test()!

										</pre>
									</td>
								</tr>


								<tr class="testcase-group">
									<td>test_signals_emitted_in_order</td>
									<td><span class="status status-warning">WARNING</span></td>
									<td>0</td>
									<td>1</td>
									<td>21ms</td>
									<td class="report-column">
										<pre>
line 1: WARNING:
 Detected <1> orphan nodes during test setup! Check before_test() and after_test()!

										</pre>
									</td>
								</tr>


								<tr class="testcase-group">
									<td>test_abort_stops_execution</td>
									<td><span class="status status-warning">WARNING</span></td>
									<td>0</td>
									<td>1</td>
									<td>20ms</td>
									<td class="report-column">
										<pre>
line 1: WARNING:
 Detected <1> orphan nodes during test setup! Check before_test() and after_test()!

										</pre>
									</td>
								</tr>


								<tr class="testcase-group">
									<td>test_abort_calls_exit_on_current_action</td>
									<td><span class="status status-warning">WARNING</span></td>
									<td>0</td>
									<td>1</td>
									<td>14ms</td>
									<td class="report-column">
										<pre>
line 1: WARNING:
 Detected <1> orphan nodes during test setup! Check before_test() and after_test()!

										</pre>
									</td>
								</tr>


								<tr class="testcase-group">
									<td>test_abort_without_agent_skips_exit</td>
									<td><span class="status status-warning">WARNING</span></td>
									<td>0</td>
									<td>1</td>
									<td>13ms</td>
									<td class="report-column">
										<pre>
line 1: WARNING:
 Detected <1> orphan nodes during test setup! Check before_test() and after_test()!

										</pre>
									</td>
								</tr>


								<tr class="testcase-group">
									<td>test_abort_clears_plan</td>
									<td><span class="status status-warning">WARNING</span></td>
									<td>0</td>
									<td>1</td>
									<td>14ms</td>
									<td class="report-column">
										<pre>
line 1: WARNING:
 Detected <1> orphan nodes during test setup! Check before_test() and after_test()!

										</pre>
									</td>
								</tr>


								<tr class="testcase-group">
									<td>test_abort_does_not_emit_signals</td>
									<td><span class="status status-warning">WARNING</span></td>
									<td>0</td>
									<td>1</td>
									<td>20ms</td>
									<td class="report-column">
										<pre>
line 1: WARNING:
 Detected <1> orphan nodes during test setup! Check before_test() and after_test()!

										</pre>
									</td>
								</tr>


								<tr class="testcase-group">
									<td>test_multiple_starts_resets_properly</td>
									<td><span class="status status-failed">FAILED</span></td>
									<td>0</td>
									<td>1</td>
									<td>21ms</td>
									<td class="report-column">
										<pre>
line 1: WARNING:
 Detected <1> orphan nodes during test setup! Check before_test() and after_test()!
line 529: Expecting:
 '0'
 but was
 '1'

										</pre>
									</td>
								</tr>


								<tr class="testcase-group">
									<td>test_get_current_action_returns_correct_action</td>
									<td><span class="status status-error">ERROR</span></td>
									<td>0</td>
									<td>1</td>
									<td>14ms</td>
									<td class="report-column">
										<pre>
line 1: WARNING:
 Detected <1> orphan nodes during test setup! Check before_test() and after_test()!
line 543: Godot Runtime Error !
	'at: test_get_current_action_returns_correct_action (res://tests/goap/unit/test_goap_executor.gd:543)'
Error: 'Invalid access to property or key 'action_name' on a base object of type 'Nil'.'

										</pre>
									</td>
								</tr>

					</tbody>
				</table>
			</div>
			<div id="report_area" class="grid-item tab">
				<h4>Failure Report</h4>
				<div class="report-column"></div>
			</div>
		</div>
	</main>

	<footer>
		<p>Generated by <a href="https://github.com/MikeSchulze/gdUnit4">GdUnit4</a> at 2026-01-08 14:50:18</p>
		<div class="status-legend">
			<span class="status-legend-item">
				<span class="status-box status-skipped"></span> Skipped
			</span>
			<span class="status-legend-item">
				<span class="status-box status-passed"></span> Passed
			</span>
			<span class="status-legend-item">
				<span class="status-box status-flaky"></span> Flaky
			</span>
			<span class="status-legend-item">
				<span class="status-box status-warning"></span> Warning
			</span>
			<span class="status-legend-item">
				<span class="status-box status-failed"></span> Failed
			</span>
			<span class="status-legend-item">
				<span class="status-box status-error"></span> Error
			</span>
		</div>
	</footer>
</body>

<script>
	function groupTableRows() {
		const table = document.getElementById('report-table');
		const rows = table.querySelectorAll('tbody tr');

		let previousTestCase = '';
		let groupStartIndex = 0;
		let groupColorToggle = true; // Toggle between two colors

		rows.forEach((row, index) => {
			const testCaseName = row.cells[0].textContent.trim();

			if (testCaseName !== previousTestCase) {
				// Close the previous group
				if (index > 0 && groupStartIndex !== index - 1) {
					// Apply background color to the group
					const groupClass = groupColorToggle ? 'group-bg-1' : 'group-bg-2';
					for (let i = groupStartIndex; i <= index - 1; i++) {
						rows[i].classList.add(groupClass);
					}

					// Toggle background color for the next group
					groupColorToggle = !groupColorToggle;
				}

				// Start a new group
				groupStartIndex = index;
			}

			previousTestCase = testCaseName;
		});

		// Handle the last group
		if (groupStartIndex !== rows.length - 1) {
			// Apply background color to the last group
			const groupClass = groupColorToggle ? 'group-bg-1' : 'group-bg-2';
			for (let i = groupStartIndex; i < rows.length; i++) {
				rows[i].classList.add(groupClass);
			}
		}
	}

	// Call the function to group table rows after the DOM loads
	document.addEventListener('DOMContentLoaded', groupTableRows);
</script>

</html>
